Traceback (most recent call last):
  File "D:\Coding\Github-Agent\proj-github agent\venv\Lib\site-packages\httpx\_transports\default.py", line 101, in map_httpcore_exceptions
    yield
  File "D:\Coding\Github-Agent\proj-github agent\venv\Lib\site-packages\httpx\_transports\default.py", line 250, in handle_request
    resp = self._pool.handle_request(req)
           ^^^^^^^^^^^^^^^^^^^^^^^^^^^^^^
  File "D:\Coding\Github-Agent\proj-github agent\venv\Lib\site-packages\httpcore\_sync\connection_pool.py", line 256, in handle_request
    raise exc from None
  File "D:\Coding\Github-Agent\proj-github agent\venv\Lib\site-packages\httpcore\_sync\connection_pool.py", line 236, in handle_request
    response = connection.handle_request(
               ^^^^^^^^^^^^^^^^^^^^^^^^^^
  File "D:\Coding\Github-Agent\proj-github agent\venv\Lib\site-packages\httpcore\_sync\connection.py", line 101, in handle_request
    raise exc
  File "D:\Coding\Github-Agent\proj-github agent\venv\Lib\site-packages\httpcore\_sync\connection.py", line 78, in handle_request
    stream = self._connect(request)
             ^^^^^^^^^^^^^^^^^^^^^^
  File "D:\Coding\Github-Agent\proj-github agent\venv\Lib\site-packages\httpcore\_sync\connection.py", line 156, in _connect
    stream = stream.start_tls(**kwargs)
             ^^^^^^^^^^^^^^^^^^^^^^^^^^
  File "D:\Coding\Github-Agent\proj-github agent\venv\Lib\site-packages\httpcore\_backends\sync.py", line 154, in start_tls
    with map_exceptions(exc_map):
         ^^^^^^^^^^^^^^^^^^^^^^^
  File "C:\Users\parva\AppData\Local\Programs\Python\Python312\Lib\contextlib.py", line 158, in __exit__
    self.gen.throw(value)
  File "D:\Coding\Github-Agent\proj-github agent\venv\Lib\site-packages\httpcore\_exceptions.py", line 14, in map_exceptions
    raise to_exc(exc) from exc
httpcore.ConnectError: [WinError 10054] An existing connection was forcibly closed by the remote host

The above exception was the direct cause of the following exception:

Traceback (most recent call last):
  File "D:\Coding\Github-Agent\proj-github agent\diagnose_batch_failure.py", line 65, in <module>
    inspect_failed_jobs()
  File "D:\Coding\Github-Agent\proj-github agent\diagnose_batch_failure.py", line 28, in inspect_failed_jobs
    .execute()
     ^^^^^^^^^
  File "D:\Coding\Github-Agent\proj-github agent\venv\Lib\site-packages\postgrest\_sync\request_builder.py", line 47, in execute
    r = self.request.send()
        ^^^^^^^^^^^^^^^^^^^
  File "D:\Coding\Github-Agent\proj-github agent\venv\Lib\site-packages\postgrest\base_request_builder.py", line 81, in send
    return self.session.request(
           ^^^^^^^^^^^^^^^^^^^^^
  File "D:\Coding\Github-Agent\proj-github agent\venv\Lib\site-packages\httpx\_client.py", line 825, in request
    return self.send(request, auth=auth, follow_redirects=follow_redirects)
           ^^^^^^^^^^^^^^^^^^^^^^^^^^^^^^^^^^^^^^^^^^^^^^^^^^^^^^^^^^^^^^^^
  File "D:\Coding\Github-Agent\proj-github agent\venv\Lib\site-packages\httpx\_client.py", line 914, in send
    response = self._send_handling_auth(
               ^^^^^^^^^^^^^^^^^^^^^^^^^
  File "D:\Coding\Github-Agent\proj-github agent\venv\Lib\site-packages\httpx\_client.py", line 942, in _send_handling_auth
    response = self._send_handling_redirects(
               ^^^^^^^^^^^^^^^^^^^^^^^^^^^^^^
  File "D:\Coding\Github-Agent\proj-github agent\venv\Lib\site-packages\httpx\_client.py", line 979, in _send_handling_redirects
    response = self._send_single_request(request)
               ^^^^^^^^^^^^^^^^^^^^^^^^^^^^^^^^^^
  File "D:\Coding\Github-Agent\proj-github agent\venv\Lib\site-packages\httpx\_client.py", line 1014, in _send_single_request
    response = transport.handle_request(request)
               ^^^^^^^^^^^^^^^^^^^^^^^^^^^^^^^^^
  File "D:\Coding\Github-Agent\proj-github agent\venv\Lib\site-packages\httpx\_transports\default.py", line 249, in handle_request
    with map_httpcore_exceptions():
         ^^^^^^^^^^^^^^^^^^^^^^^^^
  File "C:\Users\parva\AppData\Local\Programs\Python\Python312\Lib\contextlib.py", line 158, in __exit__
    self.gen.throw(value)
  File "D:\Coding\Github-Agent\proj-github agent\venv\Lib\site-packages\httpx\_transports\default.py", line 118, in map_httpcore_exceptions
    raise mapped_exc(message) from exc
httpx.ConnectError: [WinError 10054] An existing connection was forcibly closed by the remote host
GEMINI_API_KEY present: Yes

=== Failed Analysis Jobs (Last 5) ===
Error running diagnostic logic: [WinError 10054] An existing connection was forcibly closed by the remote host
